<?xml version="1.0" encoding="UTF-8"?>
<!-- Generated by org.testng.reporters.JUnitXMLReporter -->
<testsuite ignored="5" hostname="egov-Precision-3581" failures="0" tests="1" name="Command line test" time="88.437" errors="0" timestamp="2026-05-10T21:52:43 IST">
  <testcase classname="tests.BoundarySelectionTest" name="@BeforeMethod navigateToBoundarySelection" time="66.422">
    <failure type="com.microsoft.playwright.TimeoutError" message="Error {
  message=&amp;apos;Timeout 60000ms exceeded.
  name=&amp;apos;TimeoutError
  stack=&amp;apos;TimeoutError: Timeout 60000ms exceeded.
    at ProgressController.run (/tmp/playwright-java-13310271284839413067/package/lib/server/progress.js:78:26)
    at Frame.click (/tmp/playwright-java-13310271284839413067/package/lib/server/frames.js:1007:23)
    at FrameDispatcher.click (/tmp/playwright-java-13310271284839413067/package/lib/server/dispatchers/frameDispatcher.js:158:30)
    at FrameDispatcher._handleCommand (/tmp/playwright-java-13310271284839413067/package/lib/server/dispatchers/dispatcher.js:94:40)
    at DispatcherConnection.dispatch (/tmp/playwright-java-13310271284839413067/package/lib/server/dispatchers/dispatcher.js:361:39)
}
Call log:
- waiting for getByRole(AriaRole.TEXTBOX, new Page.GetByRoleOptions().setName(&amp;quot;Start date&amp;quot;))
">
      <![CDATA[com.microsoft.playwright.TimeoutError: Error {
  message='Timeout 60000ms exceeded.
  name='TimeoutError
  stack='TimeoutError: Timeout 60000ms exceeded.
    at ProgressController.run (/tmp/playwright-java-13310271284839413067/package/lib/server/progress.js:78:26)
    at Frame.click (/tmp/playwright-java-13310271284839413067/package/lib/server/frames.js:1007:23)
    at FrameDispatcher.click (/tmp/playwright-java-13310271284839413067/package/lib/server/dispatchers/frameDispatcher.js:158:30)
    at FrameDispatcher._handleCommand (/tmp/playwright-java-13310271284839413067/package/lib/server/dispatchers/dispatcher.js:94:40)
    at DispatcherConnection.dispatch (/tmp/playwright-java-13310271284839413067/package/lib/server/dispatchers/dispatcher.js:361:39)
}
Call log:
- waiting for getByRole(AriaRole.TEXTBOX, new Page.GetByRoleOptions().setName("Start date"))

at com.microsoft.playwright.impl.WaitableResult.get(WaitableResult.java:52)
at com.microsoft.playwright.impl.ChannelOwner.runUntil(ChannelOwner.java:120)
at com.microsoft.playwright.impl.Connection.sendMessage(Connection.java:130)
at com.microsoft.playwright.impl.ChannelOwner.sendMessage(ChannelOwner.java:106)
at com.microsoft.playwright.impl.FrameImpl.clickImpl(FrameImpl.java:252)
at com.microsoft.playwright.impl.FrameImpl.lambda$click$8(FrameImpl.java:243)
at com.microsoft.playwright.impl.LoggingSupport.lambda$withLogging$0(LoggingSupport.java:36)
at com.microsoft.playwright.impl.LoggingSupport.withLogging(LoggingSupport.java:47)
at com.microsoft.playwright.impl.ChannelOwner.withLogging(ChannelOwner.java:89)
at com.microsoft.playwright.impl.LoggingSupport.withLogging(LoggingSupport.java:35)
at com.microsoft.playwright.impl.FrameImpl.click(FrameImpl.java:243)
at com.microsoft.playwright.impl.LocatorImpl.click(LocatorImpl.java:160)
at com.microsoft.playwright.Locator.click(Locator.java:2468)
at pages.DraftCampaignPage.selectDate(DraftCampaignPage.java:89)
at pages.DraftCampaignPage.fillStartDate(DraftCampaignPage.java:80)
at tests.BoundarySelectionTest.navigateToBoundarySelection(BoundarySelectionTest.java:25)
at java.base/java.util.ArrayList.forEach(ArrayList.java:1511)
at org.codehaus.mojo.exec.AbstractExecJavaBase.executeMainMethod(AbstractExecJavaBase.java:402)
at org.codehaus.mojo.exec.ExecJavaMojo.executeMainMethod(ExecJavaMojo.java:142)
at org.codehaus.mojo.exec.AbstractExecJavaBase.doExecClassLoader(AbstractExecJavaBase.java:377)
at org.codehaus.mojo.exec.AbstractExecJavaBase.lambda$execute$0(AbstractExecJavaBase.java:287)
at java.base/java.lang.Thread.run(Thread.java:840)
Caused by: com.microsoft.playwright.TimeoutError: Error {
  message='Timeout 60000ms exceeded.
  name='TimeoutError
  stack='TimeoutError: Timeout 60000ms exceeded.
    at ProgressController.run (/tmp/playwright-java-13310271284839413067/package/lib/server/progress.js:78:26)
    at Frame.click (/tmp/playwright-java-13310271284839413067/package/lib/server/frames.js:1007:23)
    at FrameDispatcher.click (/tmp/playwright-java-13310271284839413067/package/lib/server/dispatchers/frameDispatcher.js:158:30)
    at FrameDispatcher._handleCommand (/tmp/playwright-java-13310271284839413067/package/lib/server/dispatchers/dispatcher.js:94:40)
    at DispatcherConnection.dispatch (/tmp/playwright-java-13310271284839413067/package/lib/server/dispatchers/dispatcher.js:361:39)
}
Call log:
- waiting for getByRole(AriaRole.TEXTBOX, new Page.GetByRoleOptions().setName("Start date"))

at com.microsoft.playwright.impl.Connection.dispatch(Connection.java:254)
at com.microsoft.playwright.impl.Connection.processOneMessage(Connection.java:211)
at com.microsoft.playwright.impl.ChannelOwner.runUntil(ChannelOwner.java:118)
... 54 more
... Removed 34 stack frames]]>
    </failure>
  </testcase> <!-- @BeforeMethod navigateToBoundarySelection -->
  <testcase classname="tests.ConfigureDeliveryRulesTest" name="@BeforeMethod navigateToConfigureDeliveryRules" time="0.001">
    <failure type="java.lang.NullPointerException" message="Cannot invoke &amp;quot;pages.BoundarySelectionPage.clickfirstlevel()&amp;quot; because &amp;quot;this.boundaryPage&amp;quot; is null">
      <![CDATA[java.lang.NullPointerException: Cannot invoke "pages.BoundarySelectionPage.clickfirstlevel()" because "this.boundaryPage" is null
at tests.ConfigureDeliveryRulesTest.navigateToConfigureDeliveryRules(ConfigureDeliveryRulesTest.java:15)
at java.base/java.util.ArrayList.forEach(ArrayList.java:1511)
at org.codehaus.mojo.exec.AbstractExecJavaBase.executeMainMethod(AbstractExecJavaBase.java:402)
at org.codehaus.mojo.exec.ExecJavaMojo.executeMainMethod(ExecJavaMojo.java:142)
at org.codehaus.mojo.exec.AbstractExecJavaBase.doExecClassLoader(AbstractExecJavaBase.java:377)
at org.codehaus.mojo.exec.AbstractExecJavaBase.lambda$execute$0(AbstractExecJavaBase.java:287)
at java.base/java.lang.Thread.run(Thread.java:840)
... Removed 34 stack frames]]>
    </failure>
  </testcase> <!-- @BeforeMethod navigateToConfigureDeliveryRules -->
  <testcase classname="tests.AppConfigurationTest" name="@BeforeMethod navigateToAppConfiguration" time="0.001">
    <failure type="java.lang.NullPointerException" message="Cannot invoke &amp;quot;pages.ConfigureDeliveryRulesPage.clickConfigureDelivery()&amp;quot; because &amp;quot;this.deliveryRulesPage&amp;quot; is null">
      <![CDATA[java.lang.NullPointerException: Cannot invoke "pages.ConfigureDeliveryRulesPage.clickConfigureDelivery()" because "this.deliveryRulesPage" is null
at tests.AppConfigurationTest.navigateToAppConfiguration(AppConfigurationTest.java:15)
at java.base/java.util.ArrayList.forEach(ArrayList.java:1511)
at org.codehaus.mojo.exec.AbstractExecJavaBase.executeMainMethod(AbstractExecJavaBase.java:402)
at org.codehaus.mojo.exec.ExecJavaMojo.executeMainMethod(ExecJavaMojo.java:142)
at org.codehaus.mojo.exec.AbstractExecJavaBase.doExecClassLoader(AbstractExecJavaBase.java:377)
at org.codehaus.mojo.exec.AbstractExecJavaBase.lambda$execute$0(AbstractExecJavaBase.java:287)
at java.base/java.lang.Thread.run(Thread.java:840)
... Removed 34 stack frames]]>
    </failure>
  </testcase> <!-- @BeforeMethod navigateToAppConfiguration -->
  <testcase classname="tests.UploadFileTest" name="@BeforeMethod navigateToUploadFile" time="0.001">
    <failure type="java.lang.NullPointerException" message="Cannot invoke &amp;quot;pages.AppConfigurationPage.clickSetUpMobileApp()&amp;quot; because &amp;quot;this.appConfigPage&amp;quot; is null">
      <![CDATA[java.lang.NullPointerException: Cannot invoke "pages.AppConfigurationPage.clickSetUpMobileApp()" because "this.appConfigPage" is null
at tests.UploadFileTest.navigateToUploadFile(UploadFileTest.java:22)
at java.base/java.util.ArrayList.forEach(ArrayList.java:1511)
at org.codehaus.mojo.exec.AbstractExecJavaBase.executeMainMethod(AbstractExecJavaBase.java:402)
at org.codehaus.mojo.exec.ExecJavaMojo.executeMainMethod(ExecJavaMojo.java:142)
at org.codehaus.mojo.exec.AbstractExecJavaBase.doExecClassLoader(AbstractExecJavaBase.java:377)
at org.codehaus.mojo.exec.AbstractExecJavaBase.lambda$execute$0(AbstractExecJavaBase.java:287)
at java.base/java.lang.Thread.run(Thread.java:840)
... Removed 34 stack frames]]>
    </failure>
  </testcase> <!-- @BeforeMethod navigateToUploadFile -->
  <testcase classname="base.BaseTest" name="@AfterMethod tearDown" time="0.0">
    <skipped/>
  </testcase> <!-- @AfterMethod tearDown -->
  <testcase classname="tests.UploadFileTest" name="verifyUploadFile" time="0.0">
    <skipped/>
  </testcase> <!-- verifyUploadFile -->
  <testcase classname="tests.BoundarySelectionTest" name="verifyDraftCampaignFlow" time="0.0">
    <ignored/>
  </testcase> <!-- verifyDraftCampaignFlow -->
  <testcase classname="tests.ConfigureDeliveryRulesTest" name="verifyBoundarySelection" time="0.0">
    <ignored/>
  </testcase> <!-- verifyBoundarySelection -->
  <testcase classname="tests.AppConfigurationTest" name="verifyConfigureDeliveryRules" time="0.0">
    <ignored/>
  </testcase> <!-- verifyConfigureDeliveryRules -->
  <testcase classname="tests.UploadFileTest" name="verifyAppConfiguration" time="0.0">
    <ignored/>
  </testcase> <!-- verifyAppConfiguration -->
  <testcase classname="tests.DraftCampaignTest" name="verifyCreateCampaignFromScratch" time="0.0">
    <ignored/>
  </testcase> <!-- verifyCreateCampaignFromScratch -->
</testsuite> <!-- Command line test -->
